<?xml version="1.0" encoding="UTF-8"?>
<Site BuildName="(empty)"
	BuildStamp="20240626-2217-Experimental"
	Name="the-bloops-laptop"
	Generator="ctest-3.22.1"
	CompilerName="/usr/bin/c++"
	CompilerVersion="11.4.0"
	OSName="Linux"
	Hostname="the-bloops-laptop"
	OSRelease="6.5.0-41-generic"
	OSVersion="#41~22.04.2-Ubuntu SMP PREEMPT_DYNAMIC Mon Jun  3 11:32:55 UTC 2"
	OSPlatform="x86_64"
	Is64Bits="1"
	VendorString="AuthenticAMD"
	VendorID="Advanced Micro Devices"
	FamilyID="25"
	ModelID="116"
	ProcessorCacheSize="1024"
	NumberOfLogicalCPU="16"
	NumberOfPhysicalCPU="8"
	TotalVirtualMemory="0"
	TotalPhysicalMemory="15161"
	LogicalProcessorsPerPhysical="2"
	ProcessorClockFrequency="2888.24"
	>
	<Testing>
		<StartDateTime>Jun 26 16:17 MDT</StartDateTime>
		<StartTestTime>1719440271</StartTestTime>
		<TestList/>
		<EndDateTime>Jun 26 16:17 MDT</EndDateTime>
		<EndTestTime>1719440271</EndTestTime>
		<ElapsedMinutes>0</ElapsedMinutes>
	</Testing>
</Site>
