<?xml version="1.0" encoding="UTF-8"?>
<Site BuildName="(empty)"
	BuildStamp="20250124-1816-Experimental"
	Name="the-bloops-laptop"
	Generator="ctest-3.22.1"
	CompilerName="/usr/bin/c++"
	CompilerVersion="11.4.0"
	OSName="Linux"
	Hostname="the-bloops-laptop"
	OSRelease="6.8.0-51-generic"
	OSVersion="#52~22.04.1-Ubuntu SMP PREEMPT_DYNAMIC Mon Dec  9 15:00:52 UTC 2"
	OSPlatform="x86_64"
	Is64Bits="1"
	VendorString="AuthenticAMD"
	VendorID="Advanced Micro Devices"
	FamilyID="25"
	ModelID="116"
	ProcessorCacheSize="1024"
	NumberOfLogicalCPU="16"
	NumberOfPhysicalCPU="8"
	TotalVirtualMemory="0"
	TotalPhysicalMemory="15169"
	LogicalProcessorsPerPhysical="2"
	ProcessorClockFrequency="2780.89"
	>
	<Testing>
		<StartDateTime>Jan 24 12:16 CST</StartDateTime>
		<StartTestTime>1737742589</StartTestTime>
		<TestList/>
		<EndDateTime>Jan 24 12:16 CST</EndDateTime>
		<EndTestTime>1737742589</EndTestTime>
		<ElapsedMinutes>0</ElapsedMinutes>
	</Testing>
</Site>
